#
# A fatal error has been detected by the Java Runtime Environment:
#
#  SIGILL (0x4) at pc=0x00007fff736828c0, pid=1107, tid=77059
#
# JRE version: Java(TM) SE Runtime Environment 18.9 (11.0.10+8) (build 11.0.10+8-LTS-162)
# Java VM: Java HotSpot(TM) 64-Bit Server VM 18.9 (11.0.10+8-LTS-162, mixed mode, tiered, compressed oops, g1 gc, bsd-amd64)
# Problematic frame:
# C  [libsystem_c.dylib+0x7f8c0]  __abort+0xa9
#
# No core dump will be written. Core dumps have been disabled. To enable core dumping, try "ulimit -c unlimited" before starting Java again
#
# If you would like to submit a bug report, please visit:
#   https://bugreport.java.com/bugreport/crash.jsp
#

---------------  S U M M A R Y ------------

Command Line: -agentlib:jdwp=transport=dt_socket,server=n,suspend=y,address=localhost:51115 -Djava.library.path=/Users/martinwhite/Documents/romi-examples/RomiReference/build/tmp/jniExtractDir -Dfile.encoding=UTF-8 frc.robot.Main

Host: MacBookPro9,2 x86_64 2500 MHz, 4 cores, 8G, Darwin 19.6.0
Time: Fri Sep 17 16:22:10 2021 PDT elapsed time: 954.007536 seconds (0d 0h 15m 54s)

---------------  T H R E A D  ---------------

Current thread is native thread

Stack: [0x000070000fc00000,0x000070000fc80000],  sp=0x000070000fc7fbf0,  free space=510k
Native frames: (J=compiled Java code, A=aot compiled Java code, j=interpreted, Vv=VM code, C=native code)
C  [libsystem_c.dylib+0x7f8c0]  __abort+0xa9
C  [libsystem_c.dylib+0x7f817]  __abort+0x0
C  [libsystem_malloc.dylib+0xf50b]  has_default_zone0+0x0
C  [libsystem_malloc.dylib+0x20d27]  malloc_zone_error+0xb7
C  [libsystem_malloc.dylib+0x6dc1]  tiny_free_list_add_ptr+0x4d7
C  [libsystem_malloc.dylib+0x62d6]  tiny_free_no_lock+0x457
C  [libsystem_malloc.dylib+0x5d8b]  free_tiny+0x1cb
C  [libsystem_c.dylib+0x1e75e]  gdtoa_freelist_free+0x2a
C  [libsystem_pthread.dylib+0x4054]  _pthread_tsd_cleanup+0x227
C  [libsystem_pthread.dylib+0x6512]  _pthread_exit+0x46
C  [libsystem_pthread.dylib+0x6114]  _pthread_override_qos_class_end_direct+0x0
C  [libsystem_pthread.dylib+0x1b8b]  thread_start+0xf


siginfo: si_signo: 4 (SIGILL), si_code: 1 (ILL_ILLOPC), si_addr: 0x00007fff736828c0

Register to memory mapping:

RAX=0x0 is NULL
RBX=
[error occurred during error reporting (printing register info), id 0xb, SIGSEGV (0xb) at pc=0x000000010ef4d0f0]

Registers:
RAX=0x0000000000000000, RBX=0x0000000000000003, RCX=0x00007fff736f77da, RDX=0x0000000000000000
RSP=0x000070000fc7fbf0, RBP=0x000070000fc7fc30, RSI=0x000070000fc7fc00, RDI=0x0000000000000003
R8 =0x0000000000000000, R9 =0x0000000000989680, R10=0x000070000fc800ac, R11=0x0000000000000246
R12=0x000070000fc7fc00, R13=0x0000000000000043, R14=0x000070000fc7fbf8, R15=0x0000000000000006
RIP=0x00007fff736828c0, EFLAGS=0x0000000000010246, ERR=0x0000000000000000
  TRAPNO=0x0000000000000006

Top of Stack: (sp=0x000070000fc7fbf0)
0x000070000fc7fbf0:   000070000fc7fc30 0000000000000000
0x000070000fc7fc00:   00000000ffffffe7 ffffffff00000000
0x000070000fc7fc10:   0000000000000003 0000000138a1b028
0x000070000fc7fc20:   000070000fc7fc50 0000000000000000
0x000070000fc7fc30:   000070000fc7fc70 00007fff73682817
0x000070000fc7fc40:   0000000138a1b028 00007fff736f6399
0x000070000fc7fc50:   00007ffffffff9df ffffffff38a1b000
0x000070000fc7fc60:   0000000138a1b000 0000000000000003
0x000070000fc7fc70:   000070000fc7fcd0 00007fff7377c50b
0x000070000fc7fc80:   0000000000000000 000070000fc80000
0x000070000fc7fc90:   000070000fc7fd90 0000000000000000
0x000070000fc7fca0:   00007fff7378f875 000000006780083e
0x000070000fc7fcb0:   0000000000000006 f52f8b7aa21888fb
0x000070000fc7fcc0:   6374615703000000 3746157030000000
0x000070000fc7fcd0:   000070000fc7fdb0 00007fff7378dd27
0x000070000fc7fce0:   0000000000000000 0000000000000000
0x000070000fc7fcf0:   0000000000000000 00007ffbe09779d0
0x000070000fc7fd00:   6374615703000000 000000000000000a
0x000070000fc7fd10:   0000000000000000 0000000000000000
0x000070000fc7fd20:   0000000000000000 0000000000000000
0x000070000fc7fd30:   0000000000000000 0000000000000000
0x000070000fc7fd40:   0000000000000000 0000000000000000
0x000070000fc7fd50:   0000000000000000 0000000000000000
0x000070000fc7fd60:   0000000000000000 0000000000000000
0x000070000fc7fd70:   0000000000001000 0000000000000004
0x000070000fc7fd80:   00007ffbdeca5500 00007ffbdeca5500
0x000070000fc7fd90:   0000003000000028 000070000fc7fdc0
0x000070000fc7fda0:   000070000fc7fce0 342228cabff20003
0x000070000fc7fdb0:   000070000fc7fdf0 00007fff73773dc1
0x000070000fc7fdc0:   00007ffbe0900000 000000000000000b
0x000070000fc7fdd0:   00007ffbe09578c0 00007ffbe09578c0
0x000070000fc7fde0:   0000000000000080 000000010debf800 

Instructions: (pc=0x00007fff736828c0)
0x00007fff736828a0:   00 00 bf 10 27 00 00 e8 14 d4 fa ff 41 c7 46 08
0x00007fff736828b0:   e7 ff ff ff 89 df 4c 89 e6 31 d2 e8 ca 0c 00 00
0x00007fff736828c0:   0f 0b 55 48 89 e5 41 56 53 48 81 ec d0 00 00 00
0x00007fff736828d0:   49 89 fe 84 c0 74 23 0f 29 85 70 ff ff ff 0f 29 

Stack slot to memory mapping:
stack at sp + 0 slots: 
[error occurred during error reporting (inspecting top of stack), id 0xb, SIGSEGV (0xb) at pc=0x000000010ef4d0f0]


---------------  P R O C E S S  ---------------

VM state:not at safepoint (normal execution)

VM Mutex/Monitor currently owned by a thread: None

Heap address: 0x0000000780000000, size: 2048 MB, Compressed Oops mode: Zero based, Oop shift amount: 3
Narrow klass base: 0x0000000800000000, Narrow klass shift: 0
Compressed class space size: 1073741824 Address: 0x0000000800000000

Heap:
 garbage-first heap   total 131072K, used 27272K [0x0000000780000000, 0x0000000800000000)
  region size 1024K, 28 young (28672K), 2 survivors (2048K)
 Metaspace       used 7971K, capacity 8275K, committed 8576K, reserved 1056768K
  class space    used 759K, capacity 885K, committed 896K, reserved 1048576K
Heap Regions: E=young(eden), S=young(survivor), O=old, HS=humongous(starts), HC=humongous(continues), CS=collection set, F=free, A=archive, TAMS=top-at-mark-start (previous, next)
|   0|0x0000000780000000, 0x0000000780000000, 0x0000000780100000|  0%| F|  |TAMS 0x0000000780000000, 0x0000000780000000| Untracked 
|   1|0x0000000780100000, 0x0000000780100000, 0x0000000780200000|  0%| F|  |TAMS 0x0000000780100000, 0x0000000780100000| Untracked 
|   2|0x0000000780200000, 0x0000000780200000, 0x0000000780300000|  0%| F|  |TAMS 0x0000000780200000, 0x0000000780200000| Untracked 
|   3|0x0000000780300000, 0x0000000780300000, 0x0000000780400000|  0%| F|  |TAMS 0x0000000780300000, 0x0000000780300000| Untracked 
|   4|0x0000000780400000, 0x0000000780400000, 0x0000000780500000|  0%| F|  |TAMS 0x0000000780400000, 0x0000000780400000| Untracked 
|   5|0x0000000780500000, 0x0000000780500000, 0x0000000780600000|  0%| F|  |TAMS 0x0000000780500000, 0x0000000780500000| Untracked 
|   6|0x0000000780600000, 0x0000000780600000, 0x0000000780700000|  0%| F|  |TAMS 0x0000000780600000, 0x0000000780600000| Untracked 
|   7|0x0000000780700000, 0x0000000780700000, 0x0000000780800000|  0%| F|  |TAMS 0x0000000780700000, 0x0000000780700000| Untracked 
|   8|0x0000000780800000, 0x0000000780800000, 0x0000000780900000|  0%| F|  |TAMS 0x0000000780800000, 0x0000000780800000| Untracked 
|   9|0x0000000780900000, 0x0000000780900000, 0x0000000780a00000|  0%| F|  |TAMS 0x0000000780900000, 0x0000000780900000| Untracked 
|  10|0x0000000780a00000, 0x0000000780a00000, 0x0000000780b00000|  0%| F|  |TAMS 0x0000000780a00000, 0x0000000780a00000| Untracked 
|  11|0x0000000780b00000, 0x0000000780b00000, 0x0000000780c00000|  0%| F|  |TAMS 0x0000000780b00000, 0x0000000780b00000| Untracked 
|  12|0x0000000780c00000, 0x0000000780c00000, 0x0000000780d00000|  0%| F|  |TAMS 0x0000000780c00000, 0x0000000780c00000| Untracked 
|  13|0x0000000780d00000, 0x0000000780d00000, 0x0000000780e00000|  0%| F|  |TAMS 0x0000000780d00000, 0x0000000780d00000| Untracked 
|  14|0x0000000780e00000, 0x0000000780e00000, 0x0000000780f00000|  0%| F|  |TAMS 0x0000000780e00000, 0x0000000780e00000| Untracked 
|  15|0x0000000780f00000, 0x0000000780f00000, 0x0000000781000000|  0%| F|  |TAMS 0x0000000780f00000, 0x0000000780f00000| Untracked 
|  16|0x0000000781000000, 0x0000000781000000, 0x0000000781100000|  0%| F|  |TAMS 0x0000000781000000, 0x0000000781000000| Untracked 
|  17|0x0000000781100000, 0x0000000781100000, 0x0000000781200000|  0%| F|  |TAMS 0x0000000781100000, 0x0000000781100000| Untracked 
|  18|0x0000000781200000, 0x0000000781200000, 0x0000000781300000|  0%| F|  |TAMS 0x0000000781200000, 0x0000000781200000| Untracked 
|  19|0x0000000781300000, 0x0000000781300000, 0x0000000781400000|  0%| F|  |TAMS 0x0000000781300000, 0x0000000781300000| Untracked 
|  20|0x0000000781400000, 0x0000000781400000, 0x0000000781500000|  0%| F|  |TAMS 0x0000000781400000, 0x0000000781400000| Untracked 
|  21|0x0000000781500000, 0x0000000781500000, 0x0000000781600000|  0%| F|  |TAMS 0x0000000781500000, 0x0000000781500000| Untracked 
|  22|0x0000000781600000, 0x0000000781600000, 0x0000000781700000|  0%| F|  |TAMS 0x0000000781600000, 0x0000000781600000| Untracked 
|  23|0x0000000781700000, 0x0000000781700000, 0x0000000781800000|  0%| F|  |TAMS 0x0000000781700000, 0x0000000781700000| Untracked 
|  24|0x0000000781800000, 0x0000000781800000, 0x0000000781900000|  0%| F|  |TAMS 0x0000000781800000, 0x0000000781800000| Untracked 
|  25|0x0000000781900000, 0x0000000781900000, 0x0000000781a00000|  0%| F|  |TAMS 0x0000000781900000, 0x0000000781900000| Untracked 
|  26|0x0000000781a00000, 0x0000000781a00000, 0x0000000781b00000|  0%| F|  |TAMS 0x0000000781a00000, 0x0000000781a00000| Untracked 
|  27|0x0000000781b00000, 0x0000000781b00000, 0x0000000781c00000|  0%| F|  |TAMS 0x0000000781b00000, 0x0000000781b00000| Untracked 
|  28|0x0000000781c00000, 0x0000000781c00000, 0x0000000781d00000|  0%| F|  |TAMS 0x0000000781c00000, 0x0000000781c00000| Untracked 
|  29|0x0000000781d00000, 0x0000000781d00000, 0x0000000781e00000|  0%| F|  |TAMS 0x0000000781d00000, 0x0000000781d00000| Untracked 
|  30|0x0000000781e00000, 0x0000000781e00000, 0x0000000781f00000|  0%| F|  |TAMS 0x0000000781e00000, 0x0000000781e00000| Untracked 
|  31|0x0000000781f00000, 0x0000000781f00000, 0x0000000782000000|  0%| F|  |TAMS 0x0000000781f00000, 0x0000000781f00000| Untracked 
|  32|0x0000000782000000, 0x0000000782000000, 0x0000000782100000|  0%| F|  |TAMS 0x0000000782000000, 0x0000000782000000| Untracked 
|  33|0x0000000782100000, 0x0000000782100000, 0x0000000782200000|  0%| F|  |TAMS 0x0000000782100000, 0x0000000782100000| Untracked 
|  34|0x0000000782200000, 0x0000000782200000, 0x0000000782300000|  0%| F|  |TAMS 0x0000000782200000, 0x0000000782200000| Untracked 
|  35|0x0000000782300000, 0x0000000782300000, 0x0000000782400000|  0%| F|  |TAMS 0x0000000782300000, 0x0000000782300000| Untracked 
|  36|0x0000000782400000, 0x0000000782400000, 0x0000000782500000|  0%| F|  |TAMS 0x0000000782400000, 0x0000000782400000| Untracked 
|  37|0x0000000782500000, 0x0000000782500000, 0x0000000782600000|  0%| F|  |TAMS 0x0000000782500000, 0x0000000782500000| Untracked 
|  38|0x0000000782600000, 0x0000000782600000, 0x0000000782700000|  0%| F|  |TAMS 0x0000000782600000, 0x0000000782600000| Untracked 
|  39|0x0000000782700000, 0x0000000782700000, 0x0000000782800000|  0%| F|  |TAMS 0x0000000782700000, 0x0000000782700000| Untracked 
|  40|0x0000000782800000, 0x0000000782800000, 0x0000000782900000|  0%| F|  |TAMS 0x0000000782800000, 0x0000000782800000| Untracked 
|  41|0x0000000782900000, 0x0000000782900000, 0x0000000782a00000|  0%| F|  |TAMS 0x0000000782900000, 0x0000000782900000| Untracked 
|  42|0x0000000782a00000, 0x0000000782a00000, 0x0000000782b00000|  0%| F|  |TAMS 0x0000000782a00000, 0x0000000782a00000| Untracked 
|  43|0x0000000782b00000, 0x0000000782b00000, 0x0000000782c00000|  0%| F|  |TAMS 0x0000000782b00000, 0x0000000782b00000| Untracked 
|  44|0x0000000782c00000, 0x0000000782c00000, 0x0000000782d00000|  0%| F|  |TAMS 0x0000000782c00000, 0x0000000782c00000| Untracked 
|  45|0x0000000782d00000, 0x0000000782d00000, 0x0000000782e00000|  0%| F|  |TAMS 0x0000000782d00000, 0x0000000782d00000| Untracked 
|  46|0x0000000782e00000, 0x0000000782e00000, 0x0000000782f00000|  0%| F|  |TAMS 0x0000000782e00000, 0x0000000782e00000| Untracked 
|  47|0x0000000782f00000, 0x0000000782f00000, 0x0000000783000000|  0%| F|  |TAMS 0x0000000782f00000, 0x0000000782f00000| Untracked 
|  48|0x0000000783000000, 0x0000000783000000, 0x0000000783100000|  0%| F|  |TAMS 0x0000000783000000, 0x0000000783000000| Untracked 
|  49|0x0000000783100000, 0x0000000783100000, 0x0000000783200000|  0%| F|  |TAMS 0x0000000783100000, 0x0000000783100000| Untracked 
|  50|0x0000000783200000, 0x00000007832a2040, 0x0000000783300000| 63%| S|CS|TAMS 0x0000000783200000, 0x0000000783200000| Complete 
|  51|0x0000000783300000, 0x0000000783400000, 0x0000000783400000|100%| S|CS|TAMS 0x0000000783300000, 0x0000000783300000| Complete 
|  52|0x0000000783400000, 0x0000000783400000, 0x0000000783500000|  0%| F|  |TAMS 0x0000000783400000, 0x0000000783400000| Untracked 
|  53|0x0000000783500000, 0x0000000783500000, 0x0000000783600000|  0%| F|  |TAMS 0x0000000783500000, 0x0000000783500000| Untracked 
|  54|0x0000000783600000, 0x0000000783600000, 0x0000000783700000|  0%| F|  |TAMS 0x0000000783600000, 0x0000000783600000| Untracked 
|  55|0x0000000783700000, 0x0000000783700000, 0x0000000783800000|  0%| F|  |TAMS 0x0000000783700000, 0x0000000783700000| Untracked 
|  56|0x0000000783800000, 0x0000000783800000, 0x0000000783900000|  0%| F|  |TAMS 0x0000000783800000, 0x0000000783800000| Untracked 
|  57|0x0000000783900000, 0x0000000783900000, 0x0000000783a00000|  0%| F|  |TAMS 0x0000000783900000, 0x0000000783900000| Untracked 
|  58|0x0000000783a00000, 0x0000000783a00000, 0x0000000783b00000|  0%| F|  |TAMS 0x0000000783a00000, 0x0000000783a00000| Untracked 
|  59|0x0000000783b00000, 0x0000000783b00000, 0x0000000783c00000|  0%| F|  |TAMS 0x0000000783b00000, 0x0000000783b00000| Untracked 
|  60|0x0000000783c00000, 0x0000000783c00000, 0x0000000783d00000|  0%| F|  |TAMS 0x0000000783c00000, 0x0000000783c00000| Untracked 
|  61|0x0000000783d00000, 0x0000000783d00000, 0x0000000783e00000|  0%| F|  |TAMS 0x0000000783d00000, 0x0000000783d00000| Untracked 
|  62|0x0000000783e00000, 0x0000000783e00000, 0x0000000783f00000|  0%| F|  |TAMS 0x0000000783e00000, 0x0000000783e00000| Untracked 
|  63|0x0000000783f00000, 0x0000000783f00000, 0x0000000784000000|  0%| F|  |TAMS 0x0000000783f00000, 0x0000000783f00000| Untracked 
|  64|0x0000000784000000, 0x0000000784000000, 0x0000000784100000|  0%| F|  |TAMS 0x0000000784000000, 0x0000000784000000| Untracked 
|  65|0x0000000784100000, 0x0000000784100000, 0x0000000784200000|  0%| F|  |TAMS 0x0000000784100000, 0x0000000784100000| Untracked 
|  66|0x0000000784200000, 0x0000000784200000, 0x0000000784300000|  0%| F|  |TAMS 0x0000000784200000, 0x0000000784200000| Untracked 
|  67|0x0000000784300000, 0x0000000784300000, 0x0000000784400000|  0%| F|  |TAMS 0x0000000784300000, 0x0000000784300000| Untracked 
|  68|0x0000000784400000, 0x0000000784400000, 0x0000000784500000|  0%| F|  |TAMS 0x0000000784400000, 0x0000000784400000| Untracked 
|  69|0x0000000784500000, 0x0000000784500000, 0x0000000784600000|  0%| F|  |TAMS 0x0000000784500000, 0x0000000784500000| Untracked 
|  70|0x0000000784600000, 0x0000000784600000, 0x0000000784700000|  0%| F|  |TAMS 0x0000000784600000, 0x0000000784600000| Untracked 
|  71|0x0000000784700000, 0x0000000784700000, 0x0000000784800000|  0%| F|  |TAMS 0x0000000784700000, 0x0000000784700000| Untracked 
|  72|0x0000000784800000, 0x0000000784800000, 0x0000000784900000|  0%| F|  |TAMS 0x0000000784800000, 0x0000000784800000| Untracked 
|  73|0x0000000784900000, 0x0000000784900000, 0x0000000784a00000|  0%| F|  |TAMS 0x0000000784900000, 0x0000000784900000| Untracked 
|  74|0x0000000784a00000, 0x0000000784a00000, 0x0000000784b00000|  0%| F|  |TAMS 0x0000000784a00000, 0x0000000784a00000| Untracked 
|  75|0x0000000784b00000, 0x0000000784b00000, 0x0000000784c00000|  0%| F|  |TAMS 0x0000000784b00000, 0x0000000784b00000| Untracked 
|  76|0x0000000784c00000, 0x0000000784c00000, 0x0000000784d00000|  0%| F|  |TAMS 0x0000000784c00000, 0x0000000784c00000| Untracked 
|  77|0x0000000784d00000, 0x0000000784d00000, 0x0000000784e00000|  0%| F|  |TAMS 0x0000000784d00000, 0x0000000784d00000| Untracked 
|  78|0x0000000784e00000, 0x0000000784e00000, 0x0000000784f00000|  0%| F|  |TAMS 0x0000000784e00000, 0x0000000784e00000| Untracked 
|  79|0x0000000784f00000, 0x0000000784f00000, 0x0000000785000000|  0%| F|  |TAMS 0x0000000784f00000, 0x0000000784f00000| Untracked 
|  80|0x0000000785000000, 0x0000000785000000, 0x0000000785100000|  0%| F|  |TAMS 0x0000000785000000, 0x0000000785000000| Untracked 
|  81|0x0000000785100000, 0x0000000785100000, 0x0000000785200000|  0%| F|  |TAMS 0x0000000785100000, 0x0000000785100000| Untracked 
|  82|0x0000000785200000, 0x0000000785200000, 0x0000000785300000|  0%| F|  |TAMS 0x0000000785200000, 0x0000000785200000| Untracked 
|  83|0x0000000785300000, 0x0000000785300000, 0x0000000785400000|  0%| F|  |TAMS 0x0000000785300000, 0x0000000785300000| Untracked 
|  84|0x0000000785400000, 0x0000000785400000, 0x0000000785500000|  0%| F|  |TAMS 0x0000000785400000, 0x0000000785400000| Untracked 
|  85|0x0000000785500000, 0x0000000785500000, 0x0000000785600000|  0%| F|  |TAMS 0x0000000785500000, 0x0000000785500000| Untracked 
|  86|0x0000000785600000, 0x0000000785600000, 0x0000000785700000|  0%| F|  |TAMS 0x0000000785600000, 0x0000000785600000| Untracked 
|  87|0x0000000785700000, 0x0000000785700000, 0x0000000785800000|  0%| F|  |TAMS 0x0000000785700000, 0x0000000785700000| Untracked 
|  88|0x0000000785800000, 0x0000000785800000, 0x0000000785900000|  0%| F|  |TAMS 0x0000000785800000, 0x0000000785800000| Untracked 
|  89|0x0000000785900000, 0x0000000785900000, 0x0000000785a00000|  0%| F|  |TAMS 0x0000000785900000, 0x0000000785900000| Untracked 
|  90|0x0000000785a00000, 0x0000000785a00000, 0x0000000785b00000|  0%| F|  |TAMS 0x0000000785a00000, 0x0000000785a00000| Untracked 
|  91|0x0000000785b00000, 0x0000000785b00000, 0x0000000785c00000|  0%| F|  |TAMS 0x0000000785b00000, 0x0000000785b00000| Untracked 
|  92|0x0000000785c00000, 0x0000000785c00000, 0x0000000785d00000|  0%| F|  |TAMS 0x0000000785c00000, 0x0000000785c00000| Untracked 
|  93|0x0000000785d00000, 0x0000000785d00000, 0x0000000785e00000|  0%| F|  |TAMS 0x0000000785d00000, 0x0000000785d00000| Untracked 
|  94|0x0000000785e00000, 0x0000000785e00000, 0x0000000785f00000|  0%| F|  |TAMS 0x0000000785e00000, 0x0000000785e00000| Untracked 
|  95|0x0000000785f00000, 0x0000000785f00000, 0x0000000786000000|  0%| F|  |TAMS 0x0000000785f00000, 0x0000000785f00000| Untracked 
|  96|0x0000000786000000, 0x0000000786000000, 0x0000000786100000|  0%| F|  |TAMS 0x0000000786000000, 0x0000000786000000| Untracked 
|  97|0x0000000786100000, 0x0000000786100000, 0x0000000786200000|  0%| F|  |TAMS 0x0000000786100000, 0x0000000786100000| Untracked 
|  98|0x0000000786200000, 0x0000000786200000, 0x0000000786300000|  0%| F|  |TAMS 0x0000000786200000, 0x0000000786200000| Untracked 
|  99|0x0000000786300000, 0x0000000786300000, 0x0000000786400000|  0%| F|  |TAMS 0x0000000786300000, 0x0000000786300000| Untracked 
| 100|0x0000000786400000, 0x0000000786400000, 0x0000000786500000|  0%| F|  |TAMS 0x0000000786400000, 0x0000000786400000| Untracked 
| 101|0x0000000786500000, 0x0000000786500000, 0x0000000786600000|  0%| F|  |TAMS 0x0000000786500000, 0x0000000786500000| Untracked 
| 102|0x0000000786600000, 0x0000000786700000, 0x0000000786700000|100%| E|  |TAMS 0x0000000786600000, 0x0000000786600000| Complete 
| 103|0x0000000786700000, 0x0000000786800000, 0x0000000786800000|100%| E|CS|TAMS 0x0000000786700000, 0x0000000786700000| Complete 
| 104|0x0000000786800000, 0x0000000786900000, 0x0000000786900000|100%| E|CS|TAMS 0x0000000786800000, 0x0000000786800000| Complete 
| 105|0x0000000786900000, 0x0000000786a00000, 0x0000000786a00000|100%| E|CS|TAMS 0x0000000786900000, 0x0000000786900000| Complete 
| 106|0x0000000786a00000, 0x0000000786b00000, 0x0000000786b00000|100%| E|CS|TAMS 0x0000000786a00000, 0x0000000786a00000| Complete 
| 107|0x0000000786b00000, 0x0000000786c00000, 0x0000000786c00000|100%| E|CS|TAMS 0x0000000786b00000, 0x0000000786b00000| Complete 
| 108|0x0000000786c00000, 0x0000000786d00000, 0x0000000786d00000|100%| E|CS|TAMS 0x0000000786c00000, 0x0000000786c00000| Complete 
| 109|0x0000000786d00000, 0x0000000786e00000, 0x0000000786e00000|100%| E|CS|TAMS 0x0000000786d00000, 0x0000000786d00000| Complete 
| 110|0x0000000786e00000, 0x0000000786f00000, 0x0000000786f00000|100%| E|CS|TAMS 0x0000000786e00000, 0x0000000786e00000| Complete 
| 111|0x0000000786f00000, 0x0000000787000000, 0x0000000787000000|100%| E|CS|TAMS 0x0000000786f00000, 0x0000000786f00000| Complete 
| 112|0x0000000787000000, 0x0000000787100000, 0x0000000787100000|100%| E|CS|TAMS 0x0000000787000000, 0x0000000787000000| Complete 
| 113|0x0000000787100000, 0x0000000787200000, 0x0000000787200000|100%| E|CS|TAMS 0x0000000787100000, 0x0000000787100000| Complete 
| 114|0x0000000787200000, 0x0000000787300000, 0x0000000787300000|100%| E|CS|TAMS 0x0000000787200000, 0x0000000787200000| Complete 
| 115|0x0000000787300000, 0x0000000787400000, 0x0000000787400000|100%| E|CS|TAMS 0x0000000787300000, 0x0000000787300000| Complete 
| 116|0x0000000787400000, 0x0000000787500000, 0x0000000787500000|100%| E|CS|TAMS 0x0000000787400000, 0x0000000787400000| Complete 
| 117|0x0000000787500000, 0x0000000787600000, 0x0000000787600000|100%| E|CS|TAMS 0x0000000787500000, 0x0000000787500000| Complete 
| 118|0x0000000787600000, 0x0000000787700000, 0x0000000787700000|100%| E|CS|TAMS 0x0000000787600000, 0x0000000787600000| Complete 
| 119|0x0000000787700000, 0x0000000787800000, 0x0000000787800000|100%| E|CS|TAMS 0x0000000787700000, 0x0000000787700000| Complete 
| 120|0x0000000787800000, 0x0000000787900000, 0x0000000787900000|100%| E|CS|TAMS 0x0000000787800000, 0x0000000787800000| Complete 
| 121|0x0000000787900000, 0x0000000787a00000, 0x0000000787a00000|100%| E|CS|TAMS 0x0000000787900000, 0x0000000787900000| Complete 
| 122|0x0000000787a00000, 0x0000000787b00000, 0x0000000787b00000|100%| E|CS|TAMS 0x0000000787a00000, 0x0000000787a00000| Complete 
| 123|0x0000000787b00000, 0x0000000787c00000, 0x0000000787c00000|100%| E|CS|TAMS 0x0000000787b00000, 0x0000000787b00000| Complete 
| 124|0x0000000787c00000, 0x0000000787d00000, 0x0000000787d00000|100%| E|CS|TAMS 0x0000000787c00000, 0x0000000787c00000| Complete 
| 125|0x0000000787d00000, 0x0000000787e00000, 0x0000000787e00000|100%| E|CS|TAMS 0x0000000787d00000, 0x0000000787d00000| Complete 
| 126|0x0000000787e00000, 0x0000000787f00000, 0x0000000787f00000|100%| E|CS|TAMS 0x0000000787e00000, 0x0000000787e00000| Complete 
| 127|0x0000000787f00000, 0x0000000788000000, 0x0000000788000000|100%| E|CS|TAMS 0x0000000787f00000, 0x0000000787f00000| Complete 

Card table byte_map: [0x000000010fbad000,0x000000010ffad000] _byte_map_base: 0x000000010bfad000

Marking Bits (Prev, Next): (CMBitMap*) 0x00007ffbdf80f818, (CMBitMap*) 0x00007ffbdf80f850
 Prev Bits: [0x00000001103ad000, 0x00000001123ad000)
 Next Bits: [0x000000012b072000, 0x000000012d072000)

Polling page: 0x000000010df11000

Metaspace:

Usage:
  Non-class:      7.22 MB capacity,     7.04 MB ( 98%) used,   154.40 KB (  2%) free+waste,    22.94 KB ( <1%) overhead. 
      Class:    885.00 KB capacity,   759.28 KB ( 86%) used,   114.22 KB ( 13%) free+waste,    11.50 KB (  1%) overhead. 
       Both:      8.08 MB capacity,     7.79 MB ( 96%) used,   268.62 KB (  3%) free+waste,    34.44 KB ( <1%) overhead. 

Virtual space:
  Non-class space:        8.00 MB reserved,       7.50 MB ( 94%) committed 
      Class space:        1.00 GB reserved,     896.00 KB ( <1%) committed 
             Both:        1.01 GB reserved, 
[error occurred during error reporting (printing metaspace information), id 0x4, SIGILL (0x4) at pc=0x00007fff737b363c]

CodeHeap 'non-profiled nmethods': size=120032Kb used=563Kb max_used=563Kb free=119468Kb
 bounds [0x0000000123b3a000, 0x0000000123daa000, 0x000000012b072000]
CodeHeap 'profiled nmethods': size=120032Kb used=1636Kb max_used=1636Kb free=118395Kb
 bounds [0x000000011c602000, 0x000000011c872000, 0x0000000123b3a000]
CodeHeap 'non-nmethods': size=5696Kb used=1151Kb max_used=1183Kb free=4544Kb
 bounds [0x000000011c072000, 0x000000011c2e2000, 0x000000011c602000]
 total_blobs=1423 nmethods=1021 adapters=323
 compilation: enabled
              stopped_count=0, restarted_count=0
 full_count=0

Compilation events (10 events):

[error occurred during error reporting (printing ring buffers), id 0x4, SIGILL (0x4) at pc=0x00007fff737b363c]

Dynamic libraries:
0x00007fff386a3000 	/System/Library/Frameworks/Cocoa.framework/Versions/A/Cocoa
0x00007fff45ef1000 	/System/Library/Frameworks/Security.framework/Versions/A/Security
0x00007fff37609000 	/System/Library/Frameworks/ApplicationServices.framework/Versions/A/ApplicationServices
0x00007fff72ad4000 	/usr/lib/libz.1.dylib
0x000000010dea7000 	/Library/Java/JavaVirtualMachines/jdk-11.0.10.jdk/Contents/Home/lib/jli/libjli.dylib
0x00007fff7050a000 	/usr/lib/libSystem.B.dylib
0x00007fff367f9000 	/System/Library/Frameworks/AppKit.framework/Versions/C/AppKit
0x00007fff39027000 	/System/Library/Frameworks/CoreData.framework/Versions/A/CoreData
0x00007fff3bc37000 	/System/Library/Frameworks/Foundation.framework/Versions/C/Foundation
0x00007fff6a4f9000 	/System/Library/PrivateFrameworks/UIFoundation.framework/Versions/A/UIFoundation
0x00007fff6558d000 	/System/Library/PrivateFrameworks/RemoteViewServices.framework/Versions/A/RemoteViewServices
0x00007fff6d07a000 	/System/Library/PrivateFrameworks/XCTTargetBootstrap.framework/Versions/A/XCTTargetBootstrap
0x00007fff39423000 	/System/Library/Frameworks/CoreDisplay.framework/Versions/A/CoreDisplay
0x00007fff3eaf6000 	/System/Library/Frameworks/Metal.framework/Versions/A/Metal
0x00007fff5358a000 	/System/Library/PrivateFrameworks/DesktopServicesPriv.framework/Versions/A/DesktopServicesPriv
0x00007fff716dc000 	/usr/lib/liblangid.dylib
0x00007fff5281f000 	/System/Library/PrivateFrameworks/CoreSVG.framework/Versions/A/CoreSVG
0x00007fff686e9000 	/System/Library/PrivateFrameworks/SkyLight.framework/Versions/A/SkyLight
0x00007fff399d8000 	/System/Library/Frameworks/CoreGraphics.framework/Versions/A/CoreGraphics
0x00007fff35168000 	/System/Library/Frameworks/Accelerate.framework/Versions/A/Accelerate
0x00007fff729c5000 	/usr/lib/libxml2.2.dylib
0x00007fff5e516000 	/System/Library/PrivateFrameworks/IconServices.framework/Versions/A/IconServices
0x00007fff3c416000 	/System/Library/Frameworks/IOSurface.framework/Versions/A/IOSurface
0x00007fff70034000 	/usr/lib/libDiagnosticMessagesClient.dylib
0x00007fff533e4000 	/System/Library/PrivateFrameworks/DFRFoundation.framework/Versions/A/DFRFoundation
0x00007fff7146b000 	/usr/lib/libicucore.A.dylib
0x00007fff3793b000 	/System/Library/Frameworks/AudioToolbox.framework/Versions/A/AudioToolbox
0x00007fff37a1e000 	/System/Library/Frameworks/AudioUnit.framework/Versions/A/AudioUnit
0x00007fff707a2000 	/usr/lib/libauto.dylib
0x00007fff53486000 	/System/Library/PrivateFrameworks/DataDetectorsCore.framework/Versions/A/DataDetectorsCore
0x00007fff381c4000 	/System/Library/Frameworks/Carbon.framework/Versions/A/Frameworks/HIToolbox.framework/Versions/A/HIToolbox
0x00007fff450eb000 	/System/Library/Frameworks/QuartzCore.framework/Versions/A/QuartzCore
0x00007fff38503000 	/System/Library/Frameworks/Carbon.framework/Versions/A/Frameworks/SpeechRecognition.framework/Versions/A/SpeechRecognition
0x00007fff52ef8000 	/System/Library/PrivateFrameworks/CoreUI.framework/Versions/A/CoreUI
0x00007fff38a92000 	/System/Library/Frameworks/CoreAudio.framework/Versions/A/CoreAudio
0x00007fff3b8f6000 	/System/Library/Frameworks/DiskArbitration.framework/Versions/A/DiskArbitration
0x00007fff60566000 	/System/Library/PrivateFrameworks/MultitouchSupport.framework/Versions/A/MultitouchSupport
0x00007fff71332000 	/usr/lib/libenergytrace.dylib
0x00007fff3c370000 	/System/Library/Frameworks/IOKit.framework/Versions/A/IOKit
0x00007fff3a962000 	/System/Library/Frameworks/CoreServices.framework/Versions/A/CoreServices
0x00007fff62720000 	/System/Library/PrivateFrameworks/PerformanceAnalysis.framework/Versions/A/PerformanceAnalysis
0x00007fff4411e000 	/System/Library/Frameworks/OpenGL.framework/Versions/A/OpenGL
0x00007fff72401000 	/usr/lib/libobjc.A.dylib
0x00007fff386b1000 	/System/Library/Frameworks/ColorSync.framework/Versions/A/ColorSync
0x00007fff39556000 	/System/Library/Frameworks/CoreFoundation.framework/Versions/A/CoreFoundation
0x00007fff3a07e000 	/System/Library/Frameworks/CoreImage.framework/Versions/A/CoreImage
0x00007fff3b3d5000 	/System/Library/Frameworks/CoreText.framework/Versions/A/CoreText
0x00007fff3c4a6000 	/System/Library/Frameworks/ImageIO.framework/Versions/A/ImageIO
0x00007fff70886000 	/usr/lib/libc++.1.dylib
0x00007fff70902000 	/usr/lib/libcompression.dylib
0x00007fff70378000 	/usr/lib/libMobileGestalt.dylib
0x00007fff6a263000 	/System/Library/PrivateFrameworks/TextureIO.framework/Versions/A/TextureIO
0x00007fff7066f000 	/usr/lib/libate.dylib
0x00007fff5e71f000 	/System/Library/PrivateFrameworks/InternationalSupport.framework/Versions/A/InternationalSupport
0x00007fff73395000 	/usr/lib/system/libcache.dylib
0x00007fff7339b000 	/usr/lib/system/libcommonCrypto.dylib
0x00007fff733a7000 	/usr/lib/system/libcompiler_rt.dylib
0x00007fff733af000 	/usr/lib/system/libcopyfile.dylib
0x00007fff733b9000 	/usr/lib/system/libcorecrypto.dylib
0x00007fff73558000 	/usr/lib/system/libdispatch.dylib
0x00007fff73599000 	/usr/lib/system/libdyld.dylib
0x00007fff735d0000 	/usr/lib/system/libkeymgr.dylib
0x00007fff735de000 	/usr/lib/system/liblaunch.dylib
0x00007fff735df000 	/usr/lib/system/libmacho.dylib
0x00007fff735e5000 	/usr/lib/system/libquarantine.dylib
0x00007fff735e8000 	/usr/lib/system/libremovefile.dylib
0x00007fff735ea000 	/usr/lib/system/libsystem_asl.dylib
0x00007fff73602000 	/usr/lib/system/libsystem_blocks.dylib
0x00007fff73603000 	/usr/lib/system/libsystem_c.dylib
0x00007fff7368b000 	/usr/lib/system/libsystem_configuration.dylib
0x00007fff7368f000 	/usr/lib/system/libsystem_coreservices.dylib
0x00007fff73693000 	/usr/lib/system/libsystem_darwin.dylib
0x00007fff7369c000 	/usr/lib/system/libsystem_dnssd.dylib
0x00007fff736a4000 	/usr/lib/system/libsystem_featureflags.dylib
0x00007fff736a6000 	/usr/lib/system/libsystem_info.dylib
0x00007fff73721000 	/usr/lib/system/libsystem_m.dylib
0x00007fff7376d000 	/usr/lib/system/libsystem_malloc.dylib
0x00007fff73795000 	/usr/lib/system/libsystem_networkextension.dylib
0x00007fff737a3000 	/usr/lib/system/libsystem_notify.dylib
0x00007fff737c1000 	/usr/lib/system/libsystem_sandbox.dylib
0x00007fff737c6000 	/usr/lib/system/libsystem_secinit.dylib
0x00007fff736f4000 	/usr/lib/system/libsystem_kernel.dylib
0x00007fff737ad000 	/usr/lib/system/libsystem_platform.dylib
0x00007fff737b6000 	/usr/lib/system/libsystem_pthread.dylib
0x00007fff737c9000 	/usr/lib/system/libsystem_symptoms.dylib
0x00007fff737d1000 	/usr/lib/system/libsystem_trace.dylib
0x00007fff737e9000 	/usr/lib/system/libunwind.dylib
0x00007fff737ef000 	/usr/lib/system/libxpc.dylib
0x00007fff708d9000 	/usr/lib/libc++abi.dylib
0x00007fff716de000 	/usr/lib/liblzma.5.dylib
0x00007fff71359000 	/usr/lib/libfakelink.dylib
0x00007fff705fc000 	/usr/lib/libarchive.2.dylib
0x00007fff46fa4000 	/System/Library/Frameworks/SystemConfiguration.framework/Versions/A/SystemConfiguration
0x00007fff6ff67000 	/usr/lib/libCRFSuite.dylib
0x00007fff37db5000 	/System/Library/Frameworks/CFNetwork.framework/Versions/A/CFNetwork
0x00007fff70868000 	/usr/lib/libbsm.0.dylib
0x00007fff735d1000 	/usr/lib/system/libkxld.dylib
0x00007fff4cd5e000 	/System/Library/PrivateFrameworks/AppleFSCompression.framework/Versions/A/AppleFSCompression
0x00007fff70bf4000 	/usr/lib/libcoretls.dylib
0x00007fff70c0b000 	/usr/lib/libcoretls_cfhelpers.dylib
0x00007fff72446000 	/usr/lib/libpam.2.dylib
0x00007fff7257b000 	/usr/lib/libsqlite3.dylib
0x00007fff729b2000 	/usr/lib/libxar.1.dylib
0x00007fff70879000 	/usr/lib/libbz2.1.0.dylib
0x00007fff7137a000 	/usr/lib/libiconv.2.dylib
0x00007fff708ef000 	/usr/lib/libcharset.1.dylib
0x00007fff71ee4000 	/usr/lib/libnetwork.dylib
0x00007fff7244d000 	/usr/lib/libpcap.A.dylib
0x00007fff705b1000 	/usr/lib/libapple_nghttp2.dylib
0x00007fff3ad19000 	/System/Library/Frameworks/CoreServices.framework/Versions/A/Frameworks/FSEvents.framework/Versions/A/FSEvents
0x00007fff3a9e9000 	/System/Library/Frameworks/CoreServices.framework/Versions/A/Frameworks/CarbonCore.framework/Versions/A/CarbonCore
0x00007fff3af5d000 	/System/Library/Frameworks/CoreServices.framework/Versions/A/Frameworks/Metadata.framework/Versions/A/Metadata
0x00007fff3aff6000 	/System/Library/Frameworks/CoreServices.framework/Versions/A/Frameworks/OSServices.framework/Versions/A/OSServices
0x00007fff3b024000 	/System/Library/Frameworks/CoreServices.framework/Versions/A/Frameworks/SearchKit.framework/Versions/A/SearchKit
0x00007fff3a963000 	/System/Library/Frameworks/CoreServices.framework/Versions/A/Frameworks/AE.framework/Versions/A/AE
0x00007fff3ad22000 	/System/Library/Frameworks/CoreServices.framework/Versions/A/Frameworks/LaunchServices.framework/Versions/A/LaunchServices
0x00007fff3accb000 	/System/Library/Frameworks/CoreServices.framework/Versions/A/Frameworks/DictionaryServices.framework/Versions/A/DictionaryServices
0x00007fff3b08c000 	/System/Library/Frameworks/CoreServices.framework/Versions/A/Frameworks/SharedFileList.framework/Versions/A/SharedFileList
0x00007fff3ff3d000 	/System/Library/Frameworks/NetFS.framework/Versions/A/NetFS
0x00007fff60a96000 	/System/Library/PrivateFrameworks/NetAuth.framework/Versions/A/NetAuth
0x00007fff6d447000 	/System/Library/PrivateFrameworks/login.framework/Versions/A/Frameworks/loginsupport.framework/Versions/A/loginsupport
0x00007fff69d2e000 	/System/Library/PrivateFrameworks/TCC.framework/Versions/A/TCC
0x00007fff51992000 	/System/Library/PrivateFrameworks/CoreNLP.framework/Versions/A/CoreNLP
0x00007fff5ff93000 	/System/Library/PrivateFrameworks/MetadataUtilities.framework/Versions/A/MetadataUtilities
0x00007fff717b6000 	/usr/lib/libmecabra.dylib
0x00007fff7170e000 	/usr/lib/libmecab.dylib
0x00007fff7136a000 	/usr/lib/libgermantok.dylib
0x00007fff70598000 	/usr/lib/libThaiTokenizer.dylib
0x00007fff6ff9e000 	/usr/lib/libChineseTokenizer.dylib
0x00007fff35181000 	/System/Library/Frameworks/Accelerate.framework/Versions/A/Frameworks/vImage.framework/Versions/A/vImage
0x00007fff3664f000 	/System/Library/Frameworks/Accelerate.framework/Versions/A/Frameworks/vecLib.framework/Versions/A/vecLib
0x00007fff364d0000 	/System/Library/Frameworks/Accelerate.framework/Versions/A/Frameworks/vecLib.framework/Versions/A/libvMisc.dylib
0x00007fff3633d000 	/System/Library/Frameworks/Accelerate.framework/Versions/A/Frameworks/vecLib.framework/Versions/A/libvDSP.dylib
0x00007fff35a1d000 	/System/Library/Frameworks/Accelerate.framework/Versions/A/Frameworks/vecLib.framework/Versions/A/libBLAS.dylib
0x00007fff35ef5000 	/System/Library/Frameworks/Accelerate.framework/Versions/A/Frameworks/vecLib.framework/Versions/A/libLAPACK.dylib
0x00007fff3629d000 	/System/Library/Frameworks/Accelerate.framework/Versions/A/Frameworks/vecLib.framework/Versions/A/libLinearAlgebra.dylib
0x00007fff3632a000 	/System/Library/Frameworks/Accelerate.framework/Versions/A/Frameworks/vecLib.framework/Versions/A/libSparseBLAS.dylib
0x00007fff362b3000 	/System/Library/Frameworks/Accelerate.framework/Versions/A/Frameworks/vecLib.framework/Versions/A/libQuadrature.dylib
0x00007fff35bb3000 	/System/Library/Frameworks/Accelerate.framework/Versions/A/Frameworks/vecLib.framework/Versions/A/libBNNS.dylib
0x00007fff362b9000 	/System/Library/Frameworks/Accelerate.framework/Versions/A/Frameworks/vecLib.framework/Versions/A/libSparse.dylib
0x00007fff5eb07000 	/System/Library/PrivateFrameworks/LanguageModeling.framework/Versions/A/LanguageModeling
0x00007fff51341000 	/System/Library/PrivateFrameworks/CoreEmoji.framework/Versions/A/CoreEmoji
0x00007fff5ec25000 	/System/Library/PrivateFrameworks/LinguisticData.framework/Versions/A/LinguisticData
0x00007fff5ebd6000 	/System/Library/PrivateFrameworks/Lexicon.framework/Versions/A/Lexicon
0x00007fff708f0000 	/usr/lib/libcmph.dylib
0x00007fff42b2c000 	/System/Library/Frameworks/OpenDirectory.framework/Versions/A/Frameworks/CFOpenDirectory.framework/Versions/A/CFOpenDirectory
0x00007fff42b49000 	/System/Library/Frameworks/OpenDirectory.framework/Versions/A/OpenDirectory
0x00007fff4af8e000 	/System/Library/PrivateFrameworks/APFS.framework/Versions/A/APFS
0x00007fff4623d000 	/System/Library/Frameworks/SecurityFoundation.framework/Versions/A/SecurityFoundation
0x00007fff729ae000 	/usr/lib/libutil.dylib
0x00007fff52877000 	/System/Library/PrivateFrameworks/CoreServicesStore.framework/Versions/A/CoreServicesStore
0x00007fff462f4000 	/System/Library/Frameworks/ServiceManagement.framework/Versions/A/ServiceManagement
0x00007fff4e52f000 	/System/Library/PrivateFrameworks/BackgroundTaskManagement.framework/Versions/A/BackgroundTaskManagement
0x00007fff72aab000 	/usr/lib/libxslt.1.dylib
0x00007fff4d3d1000 	/System/Library/PrivateFrameworks/AppleSystemInfo.framework/Versions/A/AppleSystemInfo
0x00007fff3c6c5000 	/System/Library/Frameworks/ImageIO.framework/Versions/A/Resources/libJPEG.dylib
0x00007fff3c984000 	/System/Library/Frameworks/ImageIO.framework/Versions/A/Resources/libTIFF.dylib
0x00007fff3c967000 	/System/Library/Frameworks/ImageIO.framework/Versions/A/Resources/libPng.dylib
0x00007fff3c607000 	/System/Library/Frameworks/ImageIO.framework/Versions/A/Resources/libGIF.dylib
0x00007fff3c60b000 	/System/Library/Frameworks/ImageIO.framework/Versions/A/Resources/libJP2.dylib
0x00007fff3c982000 	/System/Library/Frameworks/ImageIO.framework/Versions/A/Resources/libRadiance.dylib
0x00007fff71333000 	/usr/lib/libexpat.1.dylib
0x00007fff4ceb9000 	/System/Library/PrivateFrameworks/AppleJPEG.framework/Versions/A/AppleJPEG
0x00007fff55b77000 	/System/Library/PrivateFrameworks/FontServices.framework/libFontParser.dylib
0x00007fff6c449000 	/System/Library/PrivateFrameworks/WatchdogClient.framework/Versions/A/WatchdogClient
0x00007fff5e162000 	/System/Library/PrivateFrameworks/IOAccelerator.framework/Versions/A/IOAccelerator
0x00007fff3ee91000 	/System/Library/Frameworks/MetalPerformanceShaders.framework/Versions/A/MetalPerformanceShaders
0x00007fff5a8f2000 	/System/Library/PrivateFrameworks/GPUWrangler.framework/Versions/A/GPUWrangler
0x00007fff5e177000 	/System/Library/PrivateFrameworks/IOPresentment.framework/Versions/A/IOPresentment
0x00007fff533f7000 	/System/Library/PrivateFrameworks/DSExternalDisplay.framework/Versions/A/DSExternalDisplay
0x00007fff434bd000 	/System/Library/Frameworks/OpenGL.framework/Versions/A/Libraries/libCoreFSCache.dylib
0x00007fff3ebdd000 	/System/Library/Frameworks/MetalPerformanceShaders.framework/Frameworks/MPSCore.framework/Versions/A/MPSCore
0x00007fff3ec1b000 	/System/Library/Frameworks/MetalPerformanceShaders.framework/Frameworks/MPSImage.framework/Versions/A/MPSImage
0x00007fff3ece2000 	/System/Library/Frameworks/MetalPerformanceShaders.framework/Frameworks/MPSNeuralNetwork.framework/Versions/A/MPSNeuralNetwork
0x00007fff3eca6000 	/System/Library/Frameworks/MetalPerformanceShaders.framework/Frameworks/MPSMatrix.framework/Versions/A/MPSMatrix
0x00007fff3ee41000 	/System/Library/Frameworks/MetalPerformanceShaders.framework/Frameworks/MPSRayIntersector.framework/Versions/A/MPSRayIntersector
0x00007fff3eccc000 	/System/Library/Frameworks/MetalPerformanceShaders.framework/Frameworks/MPSNDArray.framework/Versions/A/MPSNDArray
0x00007fff5ffe0000 	/System/Library/PrivateFrameworks/MetalTools.framework/Versions/A/MetalTools
0x00007fff4c168000 	/System/Library/PrivateFrameworks/AggregateDictionary.framework/Versions/A/AggregateDictionary
0x00007fff50d89000 	/System/Library/PrivateFrameworks/CoreAnalytics.framework/Versions/A/CoreAnalytics
0x00007fff4d2f0000 	/System/Library/PrivateFrameworks/AppleSauce.framework/Versions/A/AppleSauce
0x00007fff7025a000 	/usr/lib/libIOReport.dylib
0x00007fff3b58d000 	/System/Library/Frameworks/CoreVideo.framework/Versions/A/CoreVideo
0x00007fff5bd6b000 	/System/Library/PrivateFrameworks/GraphVisualizer.framework/Versions/A/GraphVisualizer
0x00007fff550bd000 	/System/Library/PrivateFrameworks/FaceCore.framework/Versions/A/FaceCore
0x00007fff42ad3000 	/System/Library/Frameworks/OpenCL.framework/Versions/A/OpenCL
0x00007fff7007c000 	/usr/lib/libFosl_dynamic.dylib
0x00007fff614b7000 	/System/Library/PrivateFrameworks/OTSVG.framework/Versions/A/OTSVG
0x00007fff3770e000 	/System/Library/Frameworks/ApplicationServices.framework/Versions/A/Frameworks/ATS.framework/Versions/A/Resources/libFontRegistry.dylib
0x00007fff55d46000 	/System/Library/PrivateFrameworks/FontServices.framework/libhvf.dylib
0x00007fff434c8000 	/System/Library/Frameworks/OpenGL.framework/Versions/A/Libraries/libGFXShared.dylib
0x00007fff436a6000 	/System/Library/Frameworks/OpenGL.framework/Versions/A/Libraries/libGLU.dylib
0x00007fff434d1000 	/System/Library/Frameworks/OpenGL.framework/Versions/A/Libraries/libGL.dylib
0x00007fff434dc000 	/System/Library/Frameworks/OpenGL.framework/Versions/A/Libraries/libGLImage.dylib
0x00007fff434ba000 	/System/Library/Frameworks/OpenGL.framework/Versions/A/Libraries/libCVMSPluginSupport.dylib
0x00007fff434c3000 	/System/Library/Frameworks/OpenGL.framework/Versions/A/Libraries/libCoreVMClient.dylib
0x00007fff71d85000 	/usr/lib/libncurses.5.4.dylib
0x00007fff3760a000 	/System/Library/Frameworks/ApplicationServices.framework/Versions/A/Frameworks/ATS.framework/Versions/A/ATS
0x00007fff377d7000 	/System/Library/Frameworks/ApplicationServices.framework/Versions/A/Frameworks/ColorSyncLegacy.framework/Versions/A/ColorSyncLegacy
0x00007fff37875000 	/System/Library/Frameworks/ApplicationServices.framework/Versions/A/Frameworks/HIServices.framework/Versions/A/HIServices
0x00007fff378cd000 	/System/Library/Frameworks/ApplicationServices.framework/Versions/A/Frameworks/LangAnalysis.framework/Versions/A/LangAnalysis
0x00007fff378dc000 	/System/Library/Frameworks/ApplicationServices.framework/Versions/A/Frameworks/PrintCore.framework/Versions/A/PrintCore
0x00007fff37922000 	/System/Library/Frameworks/ApplicationServices.framework/Versions/A/Frameworks/QD.framework/Versions/A/QD
0x00007fff3792d000 	/System/Library/Frameworks/ApplicationServices.framework/Versions/A/Frameworks/SpeechSynthesis.framework/Versions/A/SpeechSynthesis
0x00007fff377a7000 	/System/Library/Frameworks/ApplicationServices.framework/Versions/A/Frameworks/ATSUI.framework/Versions/A/ATSUI
0x00007fff711c9000 	/usr/lib/libcups.2.dylib
0x00007fff3df2c000 	/System/Library/Frameworks/Kerberos.framework/Versions/A/Kerberos
0x00007fff3c069000 	/System/Library/Frameworks/GSS.framework/Versions/A/GSS
0x00007fff72507000 	/usr/lib/libresolv.9.dylib
0x00007fff5bf18000 	/System/Library/PrivateFrameworks/Heimdal.framework/Versions/A/Heimdal
0x00007fff3df3f000 	/System/Library/Frameworks/Kerberos.framework/Versions/A/Libraries/libHeimdalProxy.dylib
0x00007fff71370000 	/usr/lib/libheimdal-asn1.dylib
0x00007fff50221000 	/System/Library/PrivateFrameworks/CommonAuth.framework/Versions/A/CommonAuth
0x00007fff4d46e000 	/System/Library/PrivateFrameworks/AssertionServices.framework/Versions/A/AssertionServices
0x00007fff4e011000 	/System/Library/PrivateFrameworks/AudioToolboxCore.framework/Versions/A/AudioToolboxCore
0x00007fff6d0f7000 	/System/Library/PrivateFrameworks/caulk.framework/Versions/A/caulk
0x00007fff4e5db000 	/System/Library/PrivateFrameworks/BaseBoard.framework/Versions/A/BaseBoard
0x00007fff6571b000 	/System/Library/PrivateFrameworks/RunningBoardServices.framework/Versions/A/RunningBoardServices
0x00007fff6272c000 	/System/Library/PrivateFrameworks/PersistentConnection.framework/Versions/A/PersistentConnection
0x00007fff65114000 	/System/Library/PrivateFrameworks/ProtocolBuffer.framework/Versions/A/ProtocolBuffer
0x00007fff50245000 	/System/Library/PrivateFrameworks/CommonUtilities.framework/Versions/A/CommonUtilities
0x00007fff4e769000 	/System/Library/PrivateFrameworks/Bom.framework/Versions/A/Bom
0x00007fff6ff2d000 	/usr/lib/libAudioToolboxUtility.dylib
0x00007fff4e539000 	/System/Library/PrivateFrameworks/Backup.framework/Versions/A/Backup
0x00007fff53318000 	/System/Library/PrivateFrameworks/CrashReporterSupport.framework/Versions/A/CrashReporterSupport
0x00007fff671ad000 	/System/Library/PrivateFrameworks/Sharing.framework/Versions/A/Sharing
0x00007fff4ca7c000 	/System/Library/PrivateFrameworks/Apple80211.framework/Versions/A/Apple80211
0x00007fff4e256000 	/System/Library/PrivateFrameworks/AuthKit.framework/Versions/A/AuthKit
0x00007fff53025000 	/System/Library/PrivateFrameworks/CoreUtils.framework/Versions/A/CoreUtils
0x00007fff3b5d2000 	/System/Library/Frameworks/CoreWLAN.framework/Versions/A/CoreWLAN
0x00007fff3c1f6000 	/System/Library/Frameworks/IOBluetooth.framework/Versions/A/IOBluetooth
0x00007fff602e5000 	/System/Library/PrivateFrameworks/MobileKeyBag.framework/Versions/A/MobileKeyBag
0x00007fff51e2a000 	/System/Library/PrivateFrameworks/CorePhoneNumbers.framework/Versions/A/CorePhoneNumbers
0x00007fff4ce6c000 	/System/Library/PrivateFrameworks/AppleIDAuthSupport.framework/Versions/A/AppleIDAuthSupport
0x00007fff3ff4a000 	/System/Library/Frameworks/Network.framework/Versions/A/Network
0x00007fff5e9b3000 	/System/Library/PrivateFrameworks/KeychainCircle.framework/Versions/A/KeychainCircle
0x00007fff38fee000 	/System/Library/Frameworks/CoreBluetooth.framework/Versions/A/CoreBluetooth
0x00007fff6922c000 	/System/Library/PrivateFrameworks/SpeechRecognitionCore.framework/Versions/A/SpeechRecognitionCore
0x000000010e800000 	/Library/Java/JavaVirtualMachines/jdk-11.0.10.jdk/Contents/Home/lib/server/libjvm.dylib
0x000000010dec8000 	/Library/Java/JavaVirtualMachines/jdk-11.0.10.jdk/Contents/Home/lib/libverify.dylib
0x000000010ded8000 	/Library/Java/JavaVirtualMachines/jdk-11.0.10.jdk/Contents/Home/lib/libjava.dylib
0x000000010df05000 	/Library/Java/JavaVirtualMachines/jdk-11.0.10.jdk/Contents/Home/lib/libjimage.dylib
0x000000010df13000 	/Library/Java/JavaVirtualMachines/jdk-11.0.10.jdk/Contents/Home/lib/libjdwp.dylib
0x000000010df98000 	/Library/Java/JavaVirtualMachines/jdk-11.0.10.jdk/Contents/Home/lib/libzip.dylib
0x0000000112bb1000 	/Library/Java/JavaVirtualMachines/jdk-11.0.10.jdk/Contents/Home/lib/libdt_socket.dylib
0x0000000112bbb000 	/Library/Java/JavaVirtualMachines/jdk-11.0.10.jdk/Contents/Home/lib/libnio.dylib
0x0000000112bcd000 	/Library/Java/JavaVirtualMachines/jdk-11.0.10.jdk/Contents/Home/lib/libnet.dylib
0x0000000112be7000 	/Users/martinwhite/Documents/romi-examples/RomiReference/build/tmp/jniExtractDir/libwpiHaljni.dylib
0x0000000112c6b000 	/Users/martinwhite/Documents/romi-examples/RomiReference/build/tmp/jniExtractDir/libwpiHal.dylib
0x0000000112d4f000 	/Users/martinwhite/Documents/romi-examples/RomiReference/build/tmp/jniExtractDir/libwpiutil.dylib
0x00007fff34d80000 	/System/Library/Frameworks/AVFoundation.framework/Versions/A/AVFoundation
0x00007fff3a79a000 	/System/Library/Frameworks/CoreMedia.framework/Versions/A/CoreMedia
0x00007fff34f7c000 	/System/Library/Frameworks/AVFoundation.framework/Versions/A/Frameworks/AVFAudio.framework/Versions/A/AVFAudio
0x00007fff5f72f000 	/System/Library/PrivateFrameworks/MediaExperience.framework/Versions/A/MediaExperience
0x00007fff3e3a7000 	/System/Library/Frameworks/MediaToolbox.framework/Versions/A/MediaToolbox
0x00007fff4729e000 	/System/Library/Frameworks/VideoToolbox.framework/Versions/A/VideoToolbox
0x00007fff3a876000 	/System/Library/Frameworks/CoreMediaIO.framework/Versions/A/CoreMediaIO
0x00007fff6ff20000 	/usr/lib/libAudioStatistics.dylib
0x00007fff6d48f000 	/System/Library/PrivateFrameworks/perfdata.framework/Versions/A/perfdata
0x00007fff724c3000 	/usr/lib/libperfcheck.dylib
0x00007fff70418000 	/usr/lib/libSMC.dylib
0x00007fff4d9c0000 	/System/Library/PrivateFrameworks/AudioResourceArbitration.framework/Versions/A/AudioResourceArbitration
0x00007fff72579000 	/usr/lib/libspindump.dylib
0x00007fff50d39000 	/System/Library/PrivateFrameworks/CoreAVCHD.framework/Versions/A/CoreAVCHD
0x00007fff3e2d1000 	/System/Library/Frameworks/MediaAccessibility.framework/Versions/A/MediaAccessibility
0x00007fff5f4c3000 	/System/Library/PrivateFrameworks/Mangrove.framework/Versions/A/Mangrove
0x00007fff50963000 	/System/Library/PrivateFrameworks/CoreAUC.framework/Versions/A/CoreAUC
0x00007fff4d3d5000 	/System/Library/PrivateFrameworks/AppleVA.framework/Versions/A/AppleVA
0x0000000112f5f000 	/Users/martinwhite/Documents/romi-examples/RomiReference/build/tmp/expandedArchives/halsim_gui-2021.2.2-osxx86-64.zip_f5561bcd7c4301ba6b8af8f98515ed37/osx/x86-64/shared/libhalsim_gui.dylib
0x000000011345f000 	/Users/martinwhite/Documents/romi-examples/RomiReference/build/tmp/jniExtractDir/libwpimath.dylib
0x000000011367f000 	/Users/martinwhite/Documents/romi-examples/RomiReference/build/tmp/jniExtractDir/libntcore.dylib
0x00007fff3ebc2000 	/System/Library/Frameworks/MetalKit.framework/Versions/A/MetalKit
0x00007fff52843000 	/System/Library/PrivateFrameworks/CoreServicesInternal.framework/Versions/A/CoreServicesInternal
0x00007fff3baf1000 	/System/Library/Frameworks/FileProvider.framework/Versions/A/FileProvider
0x00007fff36650000 	/System/Library/Frameworks/Accounts.framework/Versions/A/Accounts
0x00007fff5ac17000 	/System/Library/PrivateFrameworks/GenerationalStorage.framework/Versions/A/GenerationalStorage
0x00007fff52dca000 	/System/Library/PrivateFrameworks/CoreSymbolication.framework/Versions/A/CoreSymbolication
0x00007fff69a6e000 	/System/Library/PrivateFrameworks/SymptomDiagnosticReporter.framework/Versions/A/SymptomDiagnosticReporter
0x00007fff4c580000 	/System/Library/PrivateFrameworks/AppContainer.framework/Versions/A/AppContainer
0x00007fff72521000 	/usr/lib/libsandbox.1.dylib
0x00007fff6b3ec000 	/System/Library/PrivateFrameworks/UserManagement.framework/Versions/A/UserManagement
0x00007fff4f325000 	/System/Library/PrivateFrameworks/ChunkingLibrary.framework/Versions/A/ChunkingLibrary
0x00007fff5354c000 	/System/Library/PrivateFrameworks/DebugSymbols.framework/Versions/A/DebugSymbols
0x00007fff4c5f2000 	/System/Library/PrivateFrameworks/AppSandbox.framework/Versions/A/AppSandbox
0x00007fff67037000 	/System/Library/PrivateFrameworks/SecCodeWrapper.framework/Versions/A/SecCodeWrapper
0x00007fff70342000 	/usr/lib/libMatch.1.dylib
0x00007fff35169000 	/System/Library/Frameworks/Accelerate.framework/Versions/A/Frameworks/vImage.framework/Versions/A/Libraries/libCGInterfaces.dylib
0x00007fff55cae000 	/System/Library/PrivateFrameworks/FontServices.framework/libTrueTypeScaler.dylib
0x00007fff2f402000 	/System/Library/Extensions/AppleIntelHD4000GraphicsMTLDriver.bundle/Contents/MacOS/AppleIntelHD4000GraphicsMTLDriver
0x00007fff59237000 	/System/Library/PrivateFrameworks/GPUCompiler.framework/Versions/3902/Libraries/libmetal_timestamp.dylib
0x00007fff6c1b8000 	/System/Library/PrivateFrameworks/ViewBridge.framework/Versions/A/ViewBridge
0x0000000131ec1000 	/usr/lib/libobjc-trampolines.dylib
0x00007fff6d44a000 	/System/Library/PrivateFrameworks/login.framework/Versions/A/login
0x00000001322d3000 	/Users/martinwhite/Documents/romi-examples/RomiReference/build/tmp/expandedArchives/halsim_ds_socket-2021.2.2-osxx86-64.zip_481495b05ee77d5634c4cbd811983800/osx/x86-64/shared/libhalsim_ds_socket.dylib
0x0000000132307000 	/Users/martinwhite/Documents/romi-examples/RomiReference/build/tmp/expandedArchives/halsim_ws_client-2021.2.2-osxx86-64.zip_3528187fca2db7f083eed7e5dd69f68f/osx/x86-64/shared/libhalsim_ws_client.dylib
0x00000001323af000 	/Users/martinwhite/Documents/romi-examples/RomiReference/build/tmp/jniExtractDir/libcscorejni.dylib
0x00000001323df000 	/Users/martinwhite/Documents/romi-examples/RomiReference/build/tmp/jniExtractDir/libcscore.dylib
0x000000013247b000 	/Users/martinwhite/Documents/romi-examples/RomiReference/build/tmp/jniExtractDir/libopencv_superres.3.4.dylib
0x00000001324a7000 	/Users/martinwhite/Documents/romi-examples/RomiReference/build/tmp/jniExtractDir/libopencv_videostab.3.4.dylib
0x00000001324ff000 	/Users/martinwhite/Documents/romi-examples/RomiReference/build/tmp/jniExtractDir/libopencv_videoio.3.4.dylib
0x000000013254f000 	/Users/martinwhite/Documents/romi-examples/RomiReference/build/tmp/jniExtractDir/libopencv_highgui.3.4.dylib
0x0000000132573000 	/Users/martinwhite/Documents/romi-examples/RomiReference/build/tmp/jniExtractDir/libopencv_objdetect.3.4.dylib
0x00000001325ef000 	/Users/martinwhite/Documents/romi-examples/RomiReference/build/tmp/jniExtractDir/libopencv_imgcodecs.3.4.dylib
0x00000001326cf000 	/Users/martinwhite/Documents/romi-examples/RomiReference/build/tmp/jniExtractDir/libopencv_video.3.4.dylib
0x0000000132737000 	/Users/martinwhite/Documents/romi-examples/RomiReference/build/tmp/jniExtractDir/libopencv_photo.3.4.dylib
0x0000000132817000 	/Users/martinwhite/Documents/romi-examples/RomiReference/build/tmp/jniExtractDir/libopencv_shape.3.4.dylib
0x000000013285b000 	/Users/martinwhite/Documents/romi-examples/RomiReference/build/tmp/jniExtractDir/libopencv_imgproc.3.4.dylib
0x0000000132df3000 	/Users/martinwhite/Documents/romi-examples/RomiReference/build/tmp/jniExtractDir/libopencv_flann.3.4.dylib
0x0000000132e6b000 	/Users/martinwhite/Documents/romi-examples/RomiReference/build/tmp/jniExtractDir/libopencv_features2d.3.4.dylib
0x0000000132f2b000 	/Users/martinwhite/Documents/romi-examples/RomiReference/build/tmp/jniExtractDir/libopencv_ml.3.4.dylib
0x0000000133007000 	/Users/martinwhite/Documents/romi-examples/RomiReference/build/tmp/jniExtractDir/libopencv_calib3d.3.4.dylib
0x00000001331fb000 	/Users/martinwhite/Documents/romi-examples/RomiReference/build/tmp/jniExtractDir/libopencv_core.3.4.dylib
0x00000001335af000 	/Users/martinwhite/Documents/romi-examples/RomiReference/build/tmp/jniExtractDir/libopencv_stitching.3.4.dylib
0x0000000133896000 	/Users/martinwhite/Documents/romi-examples/RomiReference/build/tmp/jniExtractDir/libntcorejni.dylib


VM Arguments:
jvm_args: -agentlib:jdwp=transport=dt_socket,server=n,suspend=y,address=localhost:51115 -Djava.library.path=/Users/martinwhite/Documents/romi-examples/RomiReference/build/tmp/jniExtractDir -Dfile.encoding=UTF-8 
java_command: frc.robot.Main
java_class_path (initial): /Users/martinwhite/Documents/romi-examples/RomiReference/bin/main:/Users/martinwhite/wpilib/2021/maven/edu/wpi/first/wpilibj/wpilibj-java/2021.2.2/wpilibj-java-2021.2.2.jar:/Users/martinwhite/wpilib/2021/maven/edu/wpi/first/wpimath/wpimath-java/2021.2.2/wpimath-java-2021.2.2.jar:/Users/martinwhite/wpilib/2021/maven/edu/wpi/first/ntcore/ntcore-java/2021.2.2/ntcore-java-2021.2.2.jar:/Users/martinwhite/wpilib/2021/maven/edu/wpi/first/wpiutil/wpiutil-java/2021.2.2/wpiutil-java-2021.2.2.jar:/Users/martinwhite/wpilib/2021/maven/edu/wpi/first/thirdparty/frc2021/opencv/opencv-java/3.4.7-5/opencv-java-3.4.7-5.jar:/Users/martinwhite/wpilib/2021/maven/edu/wpi/first/cscore/cscore-java/2021.2.2/cscore-java-2021.2.2.jar:/Users/martinwhite/wpilib/2021/maven/edu/wpi/first/cameraserver/cameraserver-java/2021.2.2/cameraserver-java-2021.2.2.jar:/Users/martinwhite/wpilib/2021/maven/edu/wpi/first/hal/hal-java/2021.2.2/hal-java-2021.2.2.jar:/Users/martinwhite/wpilib/2021/maven/org/ejml/ejml-simple/0.38/ejml-simple-0.38.jar:/Users/martinwhite/wpilib/2021/maven/com/fasterxml/jackson/core/jackson-databind/2.10.0/jackson-databind-2.10.0.jar:/Users/martinwhite/wpilib/2021/maven/com/fasterxml/jackson/core/jackson-annotations/2.10.0/jackson-annotations-2.10.0.jar:/Users/martinwhite/wpilib/2021/maven/com/fasterxml/jackson/core/jackson-core/2.10.0/jackson-core-2.10.0.jar:/Users/martinwhite/wpilib/2021/maven/edu/wpi/first/wpilibNewCommands/wpilibNewCommands-java/2021.2.2/wpilibNewCommands-java-2021.2.2.jar:/Users/martinwhite/wpilib/2021/maven/org/ejml/ejml-fdense/0.38/ejml-fdense-0.38.jar:/Users/martinwhite/wpilib/2021/maven/org/ejml/ejml-dsparse/0.38/ejml-dsparse-0.38.jar:/Users/martinwhite/wpilib/2021/maven/org/ejml/ejml-ddense/0.38/ejml-ddense-0.38.jar:/Users/martinwhite/wpilib/2021/maven/org/ejml/ejml-cdense/0.38/ejml-cdense-0.38.jar:/Users/martinwhite/wpilib/2021/maven/org/ejml/ejml-zdense/0.38/ejml-zdense-0.38.jar:/Users/martinwhite/wpilib/2021/maven/org/ejml/ejm
Launcher Type: SUN_STANDARD

[Global flags]
     intx CICompilerCount                          = 3                                         {product} {ergonomic}
     uint ConcGCThreads                            = 1                                         {product} {ergonomic}
     uint G1ConcRefinementThreads                  = 4                                         {product} {ergonomic}
   size_t G1HeapRegionSize                         = 1048576                                   {product} {ergonomic}
    uintx GCDrainStackTargetSize                   = 64                                        {product} {ergonomic}
   size_t InitialHeapSize                          = 134217728                                 {product} {ergonomic}
   size_t MarkStackSize                            = 4194304                                   {product} {ergonomic}
   size_t MaxHeapSize                              = 2147483648                                {product} {ergonomic}
   size_t MaxNewSize                               = 1287651328                                {product} {ergonomic}
   size_t MinHeapDeltaBytes                        = 1048576                                   {product} {ergonomic}
    uintx NonNMethodCodeHeapSize                   = 5830732                                {pd product} {ergonomic}
    uintx NonProfiledCodeHeapSize                  = 122913754                              {pd product} {ergonomic}
    uintx ProfiledCodeHeapSize                     = 122913754                              {pd product} {ergonomic}
    uintx ReservedCodeCacheSize                    = 251658240                              {pd product} {ergonomic}
     bool SegmentedCodeCache                       = true                                      {product} {ergonomic}
     bool UseCompressedClassPointers               = true                                 {lp64_product} {ergonomic}
     bool UseCompressedOops                        = true                                 {lp64_product} {ergonomic}
     bool UseG1GC                                  = true                                      {product} {ergonomic}

Logging:
Log output configuration:
 #0: stdout all=warning uptime,level,tags
 #1: stderr all=off uptime,level,tags

Environment Variables:
JAVA_HOME=/Library/Java/JavaVirtualMachines/jdk-11.0.10.jdk/Contents/Home
PATH=/usr/local/bin:/usr/bin:/bin:/usr/sbin:/sbin:/opt/X11/bin:/Users/martinwhite/wpilib/2021/jdk/bin
LD_LIBRARY_PATH=/Users/martinwhite/Documents/romi-examples/RomiReference/build/tmp/jniExtractDir
SHELL=/bin/bash
DISPLAY=/private/tmp/com.apple.launchd.MH5loVxsdO/org.macosforge.xquartz:0
DYLD_LIBRARY_PATH=/Users/martinwhite/Documents/romi-examples/RomiReference/build/tmp/jniExtractDir

Signal Handlers:
SIGSEGV: [libjvm.dylib+0x7976a8], sa_mask[0]=11111111011111110111111111111111, sa_flags=SA_ONSTACK|SA_RESTART|SA_SIGINFO
SIGBUS: [libjvm.dylib+0x7976a8], sa_mask[0]=11111111011111110111111111111111, sa_flags=SA_RESTART|SA_SIGINFO
SIGFPE: [libjvm.dylib+0x7976a8], sa_mask[0]=11111111011111110111111111111111, sa_flags=SA_RESTART|SA_SIGINFO
SIGPIPE: SIG_IGN, sa_mask[0]=00000000000000000000000000000000, sa_flags=SA_RESTART
SIGXFSZ: [libjvm.dylib+0x647bd7], sa_mask[0]=11111111011111110111111111111111, sa_flags=SA_RESTART|SA_SIGINFO
SIGILL: [libjvm.dylib+0x7976a8], sa_mask[0]=11111111011111110111111111111111, sa_flags=SA_RESTART|SA_SIGINFO
SIGUSR2: [libjvm.dylib+0x6481c1], sa_mask[0]=00000000000000000000000000000000, sa_flags=SA_RESTART|SA_SIGINFO
SIGHUP: [libjvm.dylib+0x646c1f], sa_mask[0]=11111111011111110111111111111111, sa_flags=SA_RESTART|SA_SIGINFO
SIGINT: [libjvm.dylib+0x646c1f], sa_mask[0]=11111111011111110111111111111111, sa_flags=SA_RESTART|SA_SIGINFO
SIGTERM: [libjvm.dylib+0x646c1f], sa_mask[0]=11111111011111110111111111111111, sa_flags=SA_RESTART|SA_SIGINFO
SIGQUIT: [libjvm.dylib+0x646c1f], sa_mask[0]=11111111011111110111111111111111, sa_flags=SA_RESTART|SA_SIGINFO


---------------  S Y S T E M  ---------------

OS:uname:Darwin 19.6.0 Darwin Kernel Version 19.6.0: Thu May  6 00:48:39 PDT 2021; root:xnu-6153.141.33~1/RELEASE_X86_64 x86_64
rlimit: STACK 8192k, CORE 0k, NPROC 1392, NOFILE 10240, AS infinity, DATA infinity, FSIZE infinity
load average:3.21 3.44 3.39

CPU:total 4 (initial active 4) (2 cores per cpu, 2 threads per core) family 6 model 58 stepping 9 microcode 0x21, cmov, cx8, fxsr, mmx, sse, sse2, sse3, ssse3, sse4.1, sse4.2, popcnt, avx, aes, clmul, erms, ht, tsc, tscinvbit, tscinv

Memory: 4k page, physical 8388608k(136312k free)

vm_info: Java HotSpot(TM) 64-Bit Server VM (11.0.10+8-LTS-162) for bsd-amd64 JRE (11.0.10+8-LTS-162), built on Dec  8 2020 16:31:04 by "mach5one" with gcc 4.2.1 Compatible Apple LLVM 10.0.0 (clang-1000.11.45.5)

END.
